<?xml version="1.0" encoding="UTF-8"?>
<!-- Generated by org.testng.reporters.JUnitReportReporter -->
<testsuite hostname="LAPTOP-LNIA7MG2" failures="0" tests="1" name="testCases.TC001_AccountRegistrationTest" time="3.361" errors="0" timestamp="2025-08-12T13:34:09 IST" skipped="0">
  <testcase classname="testCases.TC001_AccountRegistrationTest" name="verify_account_registration" time="3.361"/>
</testsuite> <!-- testCases.TC001_AccountRegistrationTest -->
