<?xml version="1.0" encoding="UTF-8"?>
<!-- Generated by org.testng.reporters.JUnitReportReporter -->
<testsuite hostname="LAPTOP-LNIA7MG2" failures="0" tests="1" name="testCases.TC002_LoginTest" time="46.970" errors="0" timestamp="2025-09-26T13:44:33 IST" skipped="0">
  <testcase classname="testCases.TC002_LoginTest" name="verfiy_login" time="46.970"/>
</testsuite> <!-- testCases.TC002_LoginTest -->
