<?xml version="1.0" encoding="UTF-8"?>
<!-- Generated by org.testng.reporters.JUnitReportReporter -->
<testsuite hostname="LAPTOP-LNIA7MG2" failures="0" tests="1" name="testCases.TC001_AccountRegistrationTest" time="39.881" errors="0" timestamp="2025-09-26T13:44:33 IST" skipped="0">
  <testcase classname="testCases.TC001_AccountRegistrationTest" name="verify_account_registration" time="39.881"/>
</testsuite> <!-- testCases.TC001_AccountRegistrationTest -->
